c:\users\jr\source\repos\aetherengine\aetherlib\x64\debug\aetherlib.pdb
c:\users\jr\source\repos\aetherengine\aetherlib\x64\debug\aetherlib.idb
c:\users\jr\source\repos\aetherengine\aetherlib\x64\debug\window.obj
c:\users\jr\source\repos\aetherengine\aetherlib\x64\debug\texturecache.obj
c:\users\jr\source\repos\aetherengine\aetherlib\x64\debug\sprite.obj
c:\users\jr\source\repos\aetherengine\aetherlib\x64\debug\resourcemanager.obj
c:\users\jr\source\repos\aetherengine\aetherlib\x64\debug\picopng.obj
c:\users\jr\source\repos\aetherengine\aetherlib\x64\debug\iomanager.obj
c:\users\jr\source\repos\aetherengine\aetherlib\x64\debug\imageloader.obj
c:\users\jr\source\repos\aetherengine\aetherlib\x64\debug\glslprogram.obj
c:\users\jr\source\repos\aetherengine\aetherlib\x64\debug\errors.obj
c:\users\jr\source\repos\aetherengine\aetherlib\x64\debug\camera2d.obj
c:\users\jr\source\repos\aetherengine\aetherlib\x64\debug\aetherlib.obj
c:\users\jr\source\repos\aetherengine\x64\debug\aetherlib.lib
c:\users\jr\source\repos\aetherengine\x64\debug\aetherlib.pdb
c:\users\jr\source\repos\aetherengine\aetherlib\x64\debug\aetherlib.tlog\cl.command.1.tlog
c:\users\jr\source\repos\aetherengine\aetherlib\x64\debug\aetherlib.tlog\cl.read.1.tlog
c:\users\jr\source\repos\aetherengine\aetherlib\x64\debug\aetherlib.tlog\cl.write.1.tlog
c:\users\jr\source\repos\aetherengine\aetherlib\x64\debug\aetherlib.tlog\lib-link.read.1.tlog
c:\users\jr\source\repos\aetherengine\aetherlib\x64\debug\aetherlib.tlog\lib-link.write.1.tlog
c:\users\jr\source\repos\aetherengine\aetherlib\x64\debug\aetherlib.tlog\lib.command.1.tlog
